report@config:load 119.46
Authorized using stored user info.
report@account:authorize 45.46
stderr: 'rm' is not recognized as an internal or external command,
operable program or batch file.

Exporting assets from Unity........

[ Stage1 ] Assets exported from Unity and staged for further processing
report@unity:export 5157.61
report@config:load 41.51
  Restoring font description from Unity settings
  Restoring font description from Unity settings
Resources:
{}
report@assets:stage2 5179.86
report@assets:stage3 417.31
[ Stage2 ] Assets postprocessed and bundled successfully
report@config:unity 0.85
report@config:load 68.76
report@config:unity 0.15
report@code:compose 510.68
Authorized using stored user info.
report@account:authorize 9.35
MSBuild version 17.9.8+b34f75857 for .NET Framework

Build started 15/03/2026 8:44:34 PM.



Project "D:\6.4.0\pipeline\templates\LunaCompiler\Scripts\Scripts.csproj" on node 1 (Rebuild target(s)).
CoreClean:

  Deleting file "D:\6.4.0\pipeline\templates\LunaCompiler\Scripts\bin\Debug\UnityScriptsCompiler.dll".

  Deleting file "D:\6.4.0\pipeline\templates\LunaCompiler\Scripts\bin\Debug\UnityScriptsCompiler.pdb".

  Deleting file "D:\6.4.0\pipeline\templates\LunaCompiler\Scripts\bin\Debug\Bridge.dll".

  Deleting file "D:\6.4.0\pipeline\templates\LunaCompiler\Scripts\bin\Debug\Bridge.Html5.dll".

  Deleting file "D:\6.4.0\pipeline\templates\LunaCompiler\Scripts\bin\Debug\Bridge.WebGL.dll".

  Deleting file "D:\6.4.0\pipeline\templates\LunaCompiler\Scripts\bin\Debug\DOTween.dll".

  Deleting file "D:\6.4.0\pipeline\templates\LunaCompiler\Scripts\bin\Debug\Newtonsoft.Json.dll".

  Deleting file "D:\6.4.0\pipeline\templates\LunaCompiler\Scripts\bin\Debug\Retyped.Core.dll".

  Deleting file "D:\6.4.0\pipeline\templates\LunaCompiler\Scripts\bin\Debug\Retyped.dom.dll".

  Deleting file "D:\6.4.0\pipeline\templates\LunaCompiler\Scripts\bin\Debug\Retyped.es5.dll".

  Deleting file "D:\6.4.0\pipeline\templates\LunaCompiler\Scripts\bin\Debug\Retyped.scripthost.dll".

  Deleting file "D:\6.4.0\pipeline\templates\LunaCompiler\Scripts\bin\Debug\TextMeshPro.dll".

  Deleting file "D:\6.4.0\pipeline\templates\LunaCompiler\Scripts\bin\Debug\UnityEngine.dll".

  Deleting file "D:\6.4.0\pipeline\templates\LunaCompiler\Scripts\bin\Debug\UnityEngine.UI.dll".

  Deleting file "D:\6.4.0\pipeline\templates\LunaCompiler\Scripts\bin\Debug\UnityEngine.UniversalRenderPipeline.dll".

  Deleting file "D:\6.4.0\pipeline\templates\LunaCompiler\Scripts\bin\Debug\Bridge.xml".

  Deleting file "D:\6.4.0\pipeline\templates\LunaCompiler\Scripts\bin\Debug\Bridge.Html5.xml".

  Deleting file "D:\6.4.0\pipeline\templates\LunaCompiler\Scripts\bin\Debug\Bridge.WebGL.xml".

  Deleting file "D:\6.4.0\pipeline\templates\LunaCompiler\Scripts\bin\Debug\Newtonsoft.Json.xml".

  Deleting file "D:\6.4.0\pipeline\templates\LunaCompiler\Scripts\bin\Debug\Retyped.Core.xml".

  Deleting file "D:\6.4.0\pipeline\templates\LunaCompiler\Scripts\bin\Debug\Retyped.dom.xml".
  Deleting file "D:\6.4.0\pipeline\templates\LunaCompiler\Scripts\bin\Debug\Retyped.es5.xml".

  Deleting file "D:\6.4.0\pipeline\templates\LunaCompiler\Scripts\bin\Debug\Retyped.scripthost.xml".

  Deleting file "D:\6.4.0\pipeline\templates\LunaCompiler\Scripts\obj\Debug\Scripts.csproj.AssemblyReference.cache".

  Deleting file "D:\6.4.0\pipeline\templates\LunaCompiler\Scripts\obj\Debug\Scripts.csproj.CoreCompileInputs.cache".

  Deleting file "D:\6.4.0\pipeline\templates\LunaCompiler\Scripts\obj\Debug\Scripts.csproj.Up2Date".

  Deleting file "D:\6.4.0\pipeline\templates\LunaCompiler\Scripts\obj\Debug\UnityScriptsCompiler.dll".

  Deleting file "D:\6.4.0\pipeline\templates\LunaCompiler\Scripts\obj\Debug\UnityScriptsCompiler.pdb".

GenerateTargetFrameworkMonikerAttribute:
Skipping target "GenerateTargetFrameworkMonikerAttribute" because all output files are up-to-date with respect to the input files.

CoreCompile:
  C:\Program Files\Microsoft Visual Studio\2022\Community\MSBuild\Current\Bin\Roslyn\csc.exe /noconfig /nowarn:CS0626,1701,1702 /fullpaths /nostdlib+ /errorreport:prompt /warn:4 /define:UNITY_LUNA;CSHARP_7_OR_LATER;CSHARP_7_3_OR_NEWER;UNITY_5_3_OR_NEWER;UNITY_5_4_OR_NEWER;UNITY_5_5_OR_NEWER;UNITY_2022;UNITY_2017_1_OR_NEWER;UNITY_2017_2_OR_NEWER;UNITY_2017_3_OR_NEWER;UNITY_2017_4_OR_NEWER;UNITY_2018_1_OR_NEWER;UNITY_2018_2_OR_NEWER;UNITY_2018_3_OR_NEWER;UNITY_2018_4_OR_NEWER;UNITY_2019_1_OR_NEWER;UNITY_2019_2_OR_NEWER;UNITY_2019_3_OR_NEWER;UNITY_2019_4_OR_NEWER;UNITY_2020_1_OR_NEWER;UNITY_2020_2_OR_NEWER;UNITY_2020_3_OR_NEWER;UNITY_2021_1_OR_NEWER;UNITY_2021_2_OR_NEWER;UNITY_2021_3_OR_NEWER;UNITY_2022_1_OR_NEWER;UNITY_2022_2_OR_NEWER;UNITY_2022_3_OR_NEWER;UNITY_2022_3;UNITY_2022_3_62 /highentropyva+ /reference:D:\6.4.0\pipeline\templates\LunaCompiler\packages\Bridge.Core.17.9.42-luna\lib\net40\Bridge.dll /reference:D:\6.4.0\pipeline\templates\LunaCompiler\packages\Bridge.Html5.17.9.0\lib\net40\Bridge.Html5.dll /reference:D:\6.4.0\pipeline\templates\LunaCompiler\packages\Bridge.WebGL.1.22.0\lib\net40\Bridge.WebGL.dll /reference:D:\6.4.0\pipeline\templates\LunaCompiler\packages\DOTween.1.2.705\lib\net40\DOTween.dll /reference:D:\6.4.0\pipeline\templates\LunaCompiler\packages\Bridge.Newtonsoft.Json.1.16.0\lib\net40\Newtonsoft.Json.dll /reference:D:\6.4.0\pipeline\templates\LunaCompiler\packages\Retyped.Core.1.6.6733\lib\net40\Retyped.Core.dll /reference:D:\6.4.0\pipeline\templates\LunaCompiler\packages\Retyped.dom.2.8.6733\lib\net40\Retyped.dom.dll /reference:D:\6.4.0\pipeline\templates\LunaCompiler\packages\Retyped.es5.2.8.6733\lib\net40\Retyped.es5.dll /reference:D:\6.4.0\pipeline\templates\LunaCompiler\packages\Retyped.scripthost.2.8.6733\lib\net40\Retyped.scripthost.dll /reference:D:\6.4.0\pipeline\templates\LunaCompiler\packages\com.unity.textmeshpro\3.0.6\TextMeshPro.dll /reference:D:\6.4.0\pipeline\templates\LunaCompiler\Scripts\Vendor\UnityEngine.dll /reference:D:\6.4.0\pipeline\templates\LunaCompiler\packages\com.unity.ui\1.2.1\UnityEngine.UI.dll /reference:D:\6.4.0\pipeline\templates\LunaCompiler\packages\com.unity.urp\7.6\UnityEngine.UniversalRenderPipeline.dll /debug+ /debug:full /optimize- /out:obj\Debug\UnityScriptsCompiler.dll /subsystemversion:6.00 /target:library /warnaserror- /utf8output /langversion:8 E:\Block\LunaTemp\stage3\processed-scripts\Assets\_Bricks\Scripts\BackKey\BB10_MainState.cs E:\Block\LunaTemp\stage3\processed-scripts\Assets\_Bricks\Scripts\BackKey\ListenBackButton.cs E:\Block\LunaTemp\stage3\processed-scripts\Assets\_Bricks\Scripts\Bricks_PattemData.cs E:\Block\LunaTemp\stage3\processed-scripts\Assets\_Bricks\Scripts\Bricks_PattemTableObj.cs E:\Block\LunaTemp\stage3\processed-scripts\Assets\_Bricks\Scripts\MainObj\BB10_EffectControl.cs E:\Block\LunaTemp\stage3\processed-scripts\Assets\_Bricks\Scripts\MainObj\BB10_MainObjControl.cs E:\Block\LunaTemp\stage3\processed-scripts\Assets\_Bricks\Scripts\Others\AddSelectItem.cs E:\Block\LunaTemp\stage3\processed-scripts\Assets\_Bricks\Scripts\Others\AutoPlay.cs E:\Block\LunaTemp\stage3\processed-scripts\Assets\_Bricks\Scripts\Others\BB10_BrickCubeUnit.cs E:\Block\LunaTemp\stage3\processed-scripts\Assets\_Bricks\Scripts\Others\BB10_ColorControl.cs E:\Block\LunaTemp\stage3\processed-scripts\Assets\_Bricks\Scripts\Others\BB10_ColorCtr.cs E:\Block\LunaTemp\stage3\processed-scripts\Assets\_Bricks\Scripts\Others\BB10_ColorData.cs E:\Block\LunaTemp\stage3\processed-scripts\Assets\_Bricks\Scripts\Others\BB10_EffectController.cs E:\Block\LunaTemp\stage3\processed-scripts\Assets\_Bricks\Scripts\Others\BB10_Grid.cs E:\Block\LunaTemp\stage3\processed-scripts\Assets\_Bricks\Scripts\Others\BB10_GroundView.cs E:\Block\LunaTemp\stage3\processed-scripts\Assets\_Bricks\Scripts\Others\BB10_NextViewer.cs E:\Block\LunaTemp\stage3\processed-scripts\Assets\_Bricks\Scripts\Others\BB10_NextViewerControl.cs E:\Block\LunaTemp\stage3\processed-scripts\Assets\_Bricks\Scripts\Others\BB10_PattemCreater.cs E:\Block\LunaTemp\stage3\processed-scripts\Assets\_Bricks\Scripts\Others\BB10_PlaneView.cs E:\Block\LunaTemp\stage3\processed-scripts\Assets\_Bricks\Scripts\Others\BB10_ScoreCtr.cs E:\Block\LunaTemp\stage3\processed-scripts\Assets\_Bricks\Scripts\Others\BB10_ScreenCtr.cs E:\Block\LunaTemp\stage3\processed-scripts\Assets\_Bricks\Scripts\Others\BB10_Settings.cs E:\Block\LunaTemp\stage3\processed-scripts\Assets\_Bricks\Scripts\Others\BB10_ShowHelpCtr.cs E:\Block\LunaTemp\stage3\processed-scripts\Assets\_Bricks\Scripts\Others\BB10_TimeCtr_AdsManager.cs E:\Block\LunaTemp\stage3\processed-scripts\Assets\_Bricks\Scripts\Others\BB10_Tutorial.cs E:\Block\LunaTemp\stage3\processed-scripts\Assets\_Bricks\Scripts\Others\BB10_TypePattem.cs E:\Block\LunaTemp\stage3\processed-scripts\Assets\_Bricks\Scripts\Others\Boom.cs E:\Block\LunaTemp\stage3\processed-scripts\Assets\_Bricks\Scripts\Others\BoomControl.cs E:\Block\LunaTemp\stage3\processed-scripts\Assets\_Bricks\Scripts\Others\CameraScript.cs E:\Block\LunaTemp\stage3\processed-scripts\Assets\_Bricks\Scripts\Others\DataSource.cs E:\Block\LunaTemp\stage3\processed-scripts\Assets\_Bricks\Scripts\Others\DrawLine.cs E:\Block\LunaTemp\stage3\processed-scripts\Assets\_Bricks\Scripts\Others\FitCamera.cs E:\Block\LunaTemp\stage3\processed-scripts\Assets\_Bricks\Scripts\Others\gridOverlay.cs E:\Block\LunaTemp\stage3\processed-scripts\Assets\_Bricks\Scripts\Others\Group.cs E:\Block\LunaTemp\stage3\processed-scripts\Assets\_Bricks\Scripts\Others\ItemUnit.cs E:\Block\LunaTemp\stage3\processed-scripts\Assets\_Bricks\Scripts\Others\MoveLerp.cs E:\Block\LunaTemp\stage3\processed-scripts\Assets\_Bricks\Scripts\Others\OnChangeScale.cs E:\Block\LunaTemp\stage3\processed-scripts\Assets\_Bricks\Scripts\Others\QuadCenterColor.cs E:\Block\LunaTemp\stage3\processed-scripts\Assets\_Bricks\Scripts\Others\QuadLerpColor.cs E:\Block\LunaTemp\stage3\processed-scripts\Assets\_Bricks\Scripts\Others\RotateY.cs E:\Block\LunaTemp\stage3\processed-scripts\Assets\_Bricks\Scripts\Others\SelectLevelScript.cs E:\Block\LunaTemp\stage3\processed-scripts\Assets\_Bricks\Scripts\Others\StarLevelControl.cs E:\Block\LunaTemp\stage3\processed-scripts\Assets\_Bricks\Scripts\Others\UnitListColor.cs E:\Block\LunaTemp\stage3\processed-scripts\Assets\_Bricks\Scripts\Others\Vec2.cs E:\Block\LunaTemp\stage3\processed-scripts\Assets\_Bricks\Scripts\UIScripts\BackGroundScript.cs E:\Block\LunaTemp\stage3\processed-scripts\Assets\_Bricks\Scripts\UIScripts\BB10_CupShaker.cs E:\Block\LunaTemp\stage3\processed-scripts\Assets\_Bricks\Scripts\UIScripts\BB10_FaderHandler.cs E:\Block\LunaTemp\stage3\processed-scripts\Assets\_Bricks\Scripts\UIScripts\BB10_HomeController.cs E:\Block\LunaTemp\stage3\processed-scripts\Assets\_Bricks\Scripts\UIScripts\BB10_InGameScript.cs E:\Block\LunaTemp\stage3\processed-scripts\Assets\_Bricks\Scripts\UIScripts\BB10_LostScript.cs E:\Block\LunaTemp\stage3\processed-scripts\Assets\_Bricks\Scripts\UIScripts\BB10_MainCanvasUI.cs E:\Block\LunaTemp\stage3\processed-scripts\Assets\_Bricks\Scripts\UIScripts\BB10_PauseScript.cs E:\Block\LunaTemp\stage3\processed-scripts\Assets\_Bricks\Scripts\UI
Scripts\BB10_PopupRate.cs E:\Block\LunaTemp\stage3\processed-scripts\Assets\_Bricks\Scripts\UIScripts\BB10_RateStar.cs E:\Block\LunaTemp\stage3\processed-scripts\Assets\_Bricks\Scripts\UIScripts\BG\BgScale.cs E:\Block\LunaTemp\stage3\processed-scripts\Assets\_Bricks\Scripts\UIScripts\BgQuadMesh.cs E:\Block\LunaTemp\stage3\processed-scripts\Assets\_Bricks\Scripts\UIScripts\Exit.cs E:\Block\LunaTemp\stage3\processed-scripts\Assets\_Bricks\Scripts\UIScripts\GameDefine.cs E:\Block\LunaTemp\stage3\processed-scripts\Assets\_Bricks\Scripts\UIScripts\MyButton.cs E:\Block\LunaTemp\stage3\processed-scripts\Assets\_Bricks\Scripts\UIScripts\OnClickButton.cs E:\Block\LunaTemp\stage3\processed-scripts\Assets\_Bricks\Scripts\UIScripts\OnClickCanvasButton.cs E:\Block\LunaTemp\stage3\processed-scripts\Assets\_Bricks\Scripts\UIScripts\PauseGameListener.cs E:\Block\LunaTemp\stage3\processed-scripts\Assets\_Bricks\Scripts\UIScripts\ScaleInOut.cs E:\Block\LunaTemp\stage3\processed-scripts\Assets\_Bricks\Scripts\UIScripts\SkipListener.cs E:\Block\LunaTemp\stage3\processed-scripts\Assets\_Bricks\Scripts\UIScripts\StartGameScript.cs E:\Block\LunaTemp\stage3\processed-scripts\Assets\_Bricks\Scripts\UIScripts\UILightRepeat.cs E:\Block\LunaTemp\stage3\processed-scripts\Assets\_Bricks\Scripts\UIScripts\UIShaker.cs E:\Block\LunaTemp\stage3\processed-scripts\Assets\_Bricks\Scripts\UIScripts\UISpread.cs E:\Block\LunaTemp\stage3\processed-scripts\Assets\Audio\Scripts\InputAudio.cs E:\Block\LunaTemp\stage3\processed-scripts\Assets\Audio\Scripts\MainAudio.cs E:\Block\LunaTemp\stage3\processed-scripts\Assets\Audio\Scripts\TypeAudio.cs E:\Block\LunaTemp\stage3\processed-scripts\Assets\Plugins\Demigiant\DOTween\Modules\DOTweenModuleAudio.cs E:\Block\LunaTemp\stage3\processed-scripts\Assets\Plugins\Demigiant\DOTween\Modules\DOTweenModuleEPOOutline.cs E:\Block\LunaTemp\stage3\processed-scripts\Assets\Plugins\Demigiant\DOTween\Modules\DOTweenModulePhysics.cs E:\Block\LunaTemp\stage3\processed-scripts\Assets\Plugins\Demigiant\DOTween\Modules\DOTweenModulePhysics2D.cs E:\Block\LunaTemp\stage3\processed-scripts\Assets\Plugins\Demigiant\DOTween\Modules\DOTweenModuleSprite.cs E:\Block\LunaTemp\stage3\processed-scripts\Assets\Plugins\Demigiant\DOTween\Modules\DOTweenModuleUI.cs E:\Block\LunaTemp\stage3\processed-scripts\Assets\Plugins\Demigiant\DOTween\Modules\DOTweenModuleUnityVersion.cs E:\Block\LunaTemp\stage3\processed-scripts\Assets\Plugins\Demigiant\DOTween\Modules\DOTweenModuleUtils.cs Properties/AssemblyInfo.cs Sources/OtherDummyScript.cs "obj\Debug\.NETFramework,Version=v4.7.AssemblyAttributes.cs"

E:\Block\LunaTemp\stage3\processed-scripts\Assets\_Bricks\Scripts\Others\BB10_Grid.cs(176,13): warning CS0219: The variable 'time' is assigned but its value is never used [D:\6.4.0\pipeline\templates\LunaCompiler\Scripts\Scripts.csproj]

E:\Block\LunaTemp\stage3\processed-scripts\Assets\_Bricks\Scripts\Others\BB10_Grid.cs(374,17): warning CS0219: The variable 'score' is assigned but its value is never used [D:\6.4.0\pipeline\templates\LunaCompiler\Scripts\Scripts.csproj]
E:\Block\LunaTemp\stage3\processed-scripts\Assets\_Bricks\Scripts\Others\BB10_ScreenCtr.cs(24,23): warning CS0649: Field 'BB10_ScreenCtr.listSprites' is never assigned to, and will always have its default value null [D:\6.4.0\pipeline\templates\LunaCompiler\Scripts\Scripts.csproj]
E:\Block\LunaTemp\stage3\processed-scripts\Assets\_Bricks\Scripts\Others\BB10_PlaneView.cs(58,26): warning CS0169: The field 'BB10_PlaneView.myType' is never used [D:\6.4.0\pipeline\templates\LunaCompiler\Scripts\Scripts.csproj]
E:\Block\LunaTemp\stage3\processed-scripts\Assets\_Bricks\Scripts\UIScripts\BB10_LostScript.cs(18,10): warning CS0169: The field 'BB10_LostScript.scoreCounting' is never used [D:\6.4.0\pipeline\templates\LunaCompiler\Scripts\Scripts.csproj]
E:\Block\LunaTemp\stage3\processed-scripts\Assets\_Bricks\Scripts\Others\BB10_PlaneView.cs(61,13): warning CS0169: The field 'BB10_PlaneView.touchPos' is never used [D:\6.4.0\pipeline\templates\LunaCompiler\Scripts\Scripts.csproj]
E:\Block\LunaTemp\stage3\processed-scripts\Assets\_Bricks\Scripts\UIScripts\BB10_LostScript.cs(17,17): warning CS0169: The field 'BB10_LostScript.AnimSoundLoop' is never used [D:\6.4.0\pipeline\templates\LunaCompiler\Scripts\Scripts.csproj]
E:\Block\LunaTemp\stage3\processed-scripts\Assets\_Bricks\Scripts\UIScripts\BB10_LostScript.cs(16,9): warning CS0649: Field 'BB10_LostScript.score' is never assigned to, and will always have its default value 0 [D:\6.4.0\pipeline\templates\LunaCompiler\Scripts\Scripts.csproj]

E:\Block\LunaTemp\stage3\processed-scripts\Assets\Audio\Scripts\MainAudio.cs(14,9): warning CS0169: The field 'MainAudio.bgIndex' is never used [D:\6.4.0\pipeline\templates\LunaCompiler\Scripts\Scripts.csproj]

E:\Block\LunaTemp\stage3\processed-scripts\Assets\_Bricks\Scripts\UIScripts\BB10_MainCanvasUI.cs(107,25): warning CS0414: The field 'BB10_MainCanvasUI.firstLoaded' is assigned but its value is never used [D:\6.4.0\pipeline\templates\LunaCompiler\Scripts\Scripts.csproj]

E:\Block\LunaTemp\stage3\processed-scripts\Assets\_Bricks\Scripts\Others\ItemUnit.cs(20,10): warning CS0414: The field 'ItemUnit.running' is assigned but its value is never used [D:\6.4.0\pipeline\templates\LunaCompiler\Scripts\Scripts.csproj]

  CompilerServer: server - server processed compilation - b5fbcc4e-8faa-4af1-a062-5ce98f151f78

_CopyFilesMarkedCopyLocal:
  Copying file from "D:\6.4.0\pipeline\templates\LunaCompiler\packages\Bridge.WebGL.1.22.0\lib\net40\Bridge.WebGL.dll" to "D:\6.4.0\pipeline\templates\LunaCompiler\Scripts\bin\Debug\Bridge.WebGL.dll".
  Copying file from "D:\6.4.0\pipeline\templates\LunaCompiler\packages\Retyped.Core.1.6.6733\lib\net40\Retyped.Core.dll" to "D:\6.4.0\pipeline\templates\LunaCompiler\Scripts\bin\Debug\Retyped.Core.dll".
  Copying file from "D:\6.4.0\pipeline\templates\LunaCompiler\packages\Bridge.Html5.17.9.0\lib\net40\Bridge.Html5.dll" to "D:\6.4.0\pipeline\templates\LunaCompiler\Scripts\bin\Debug\Bridge.Html5.dll".

  Copying file from "D:\6.4.0\pipeline\templates\LunaCompiler\packages\DOTween.1.2.705\lib\net40\DOTween.dll" to "D:\6.4.0\pipeline\templates\LunaCompiler\Scripts\bin\Debug\DOTween.dll".
  Copying file from "D:\6.4.0\pipeline\templates\LunaCompiler\packages\Bridge.Newtonsoft.Json.1.16.0\lib\net40\Newtonsoft.Json.dll" to "D:\6.4.0\pipeline\templates\LunaCompiler\Scripts\bin\Debug\Newtonsoft.Json.dll".
  Copying file from "D:\6.4.0\pipeline\templates\LunaCompiler\packages\Bridge.Core.17.9.42-luna\lib\net40\Bridge.dll" to "D:\6.4.0\pipeline\templates\LunaCompiler\Scripts\bin\Debug\Bridge.dll".

  Copying file from "D:\6.4.0\pipeline\templates\LunaCompiler\packages\Retyped.scripthost.2.8.6733\lib\net40\Retyped.scripthost.dll" to "D:\6.4.0\pipeline\templates\LunaCompiler\Scripts\bin\Debug\Retyped.scripthost.dll".

  Copying file from "D:\6.4.0\pipeline\templates\LunaCompiler\packages\com.unity.textmeshpro\3.0.6\TextMeshPro.dll" to "D:\6.4.0\pipeline\templates\LunaCompiler\Scripts\bin\Debug\TextMeshPro.dll".

  Copying file from "D:\6.4.0\pipeline\templates\LunaCompiler\Scripts\Vendor\UnityEngine.dll" to "D:\6.4.0\pipeline\templates\LunaCompiler\Scripts\bin\Debug\UnityEngine.dll".

  Copying file from "D:\6.4.0\pipeline\templates\LunaCompiler\packages\Retyped.dom.2.8.6733\lib\net40\Retyped.dom.dll" to "D:\6.4.0\pipeline\templates\LunaCompiler\Scripts\bin\Debug\Retyped.dom.dll".

  Copying file from "D:\6.4.0\pipeline\templates\LunaCompiler\packages\Retyped.es5.2.8.6733\lib\net40\Retyped.es5.dll" to "D:\6.4.0\pipeline\templates\LunaCompiler\Scripts\bin\Debug\Retyped.es5.dll".

  Copying file from "D:\6.4.0\pipeline\templates\LunaCompiler\packages\com.unity.ui\1.2.1\UnityEngine.UI.dll" to "D:\6.4.0\pipeline\templates\LunaCompiler\Scripts\bin\Debug\UnityEngine.UI.dll".

  Copying file from "D:\6.4.0\pipeline\templates\LunaCompiler\packages\com.unity.urp\7.6\UnityEngine.UniversalRenderPipeline.dll" to "D:\6.4.0\pipeline\templates\LunaCompiler\Scripts\bin\Debug\UnityEngine.UniversalRenderPipeline.dll".

  Copying file from "D:\6.4.0\pipeline\templates\LunaCompiler\packages\Bridge.Core.17.9.42-luna\lib\net40\Bridge.xml" to "D:\6.4.0\pipeline\templates\LunaCompiler\Scripts\bin\Debug\Bridge.xml".

  Copying file from "D:\6.4.0\pipeline\templates\LunaCompiler\packages\Bridge.Html5.17.9.0\lib\net40\Bridge.Html5.xml" to "D:\6.4.0\pipeline\templates\LunaCompiler\Scripts\bin\Debug\Bridge.Html5.xml".
  Copying file from "D:\6.4.0\pipeline\templates\LunaCompiler\packages\Bridge.WebGL.1.22.0\lib\net40\Bridge.WebGL.xml" to "D:\6.4.0\pipeline\templates\LunaCompiler\Scripts\bin\Debug\Bridge.WebGL.xml".

  Copying file from "D:\6.4.0\pipeline\templates\LunaCompiler\packages\Bridge.Newtonsoft.Json.1.16.0\lib\net40\Newtonsoft.Json.xml" to "D:\6.4.0\pipeline\templates\LunaCompiler\Scripts\bin\Debug\Newtonsoft.Json.xml".

  Copying file from "D:\6.4.0\pipeline\templates\LunaCompiler\packages\Retyped.Core.1.6.6733\lib\net40\Retyped.Core.xml" to "D:\6.4.0\pipeline\templates\LunaCompiler\Scripts\bin\Debug\Retyped.Core.xml".

  Copying file from "D:\6.4.0\pipeline\templates\LunaCompiler\packages\Retyped.es5.2.8.6733\lib\net40\Retyped.es5.xml" to "D:\6.4.0\pipeline\templates\LunaCompiler\Scripts\bin\Debug\Retyped.es5.xml".
  Copying file from "D:\6.4.0\pipeline\templates\LunaCompiler\packages\Retyped.dom.2.8.6733\lib\net40\Retyped.dom.xml" to "D:\6.4.0\pipeline\templates\LunaCompiler\Scripts\bin\Debug\Retyped.dom.xml".
  Copying file from "D:\6.4.0\pipeline\templates\LunaCompiler\packages\Retyped.scripthost.2.8.6733\lib\net40\Retyped.scripthost.xml" to "D:\6.4.0\pipeline\templates\LunaCompiler\Scripts\bin\Debug\Retyped.scripthost.xml".

  Creating "D:\6.4.0\pipeline\templates\LunaCompiler\Scripts\obj\Debug\Scripts.csproj.Up2Date" because "AlwaysCreate" was specified.

  Touching "D:\6.4.0\pipeline\templates\LunaCompiler\Scripts\obj\Debug\Scripts.csproj.Up2Date".

CopyFilesToOutputDirectory:
  Copying file from "D:\6.4.0\pipeline\templates\LunaCompiler\Scripts\obj\Debug\UnityScriptsCompiler.dll" to "D:\6.4.0\pipeline\templates\LunaCompiler\Scripts\bin\Debug\UnityScriptsCompiler.dll".

  Scripts -> D:\6.4.0\pipeline\templates\LunaCompiler\Scripts\bin\Debug\UnityScriptsCompiler.dll

  Copying file from "D:\6.4.0\pipeline\templates\LunaCompiler\Scripts\obj\Debug\UnityScriptsCompiler.pdb" to "D:\6.4.0\pipeline\templates\LunaCompiler\Scripts\bin\Debug\UnityScriptsCompiler.pdb".

BridgeNetCompilerTask:
  Bridge started

      To enable detailed logging, configure "logging" in bridge.json.
      https://github.com/bridgedotnet/Bridge/wiki/global-configuration#logging

  Bridge done

Done Building Project "D:\6.4.0\pipeline\templates\LunaCompiler\Scripts\Scripts.csproj" (Rebuild target(s)).


Build succeeded.


"D:\6.4.0\pipeline\templates\LunaCompiler\Scripts\Scripts.csproj" (Rebuild target) (1) ->

(CoreCompile target) -> 
  E:\Block\LunaTemp\stage3\processed-scripts\Assets\_Bricks\Scripts\Others\BB10_Grid.cs(176,13): warning CS0219: The variable 'time' is assigned but its value is never used [D:\6.4.0\pipeline\templates\LunaCompiler\Scripts\Scripts.csproj]
  E:\Block\LunaTemp\stage3\processed-scripts\Assets\_Bricks\Scripts\Others\BB10_Grid.cs(374,17): warning CS0219: The variable 'score' is assigned but its value is never used [D:\6.4.0\pipeline\templates\LunaCompiler\Scripts\Scripts.csproj]
  E:\Block\LunaTemp\stage3\processed-scripts\Assets\_Bricks\Scripts\Others\BB10_ScreenCtr.cs(24,23): warning CS0649: Field 'BB10_ScreenCtr.listSprites' is never assigned to, and will always have its default value null [D:\6.4.0\pipeline\templates\LunaCompiler\Scripts\Scripts.csproj]
  E:\Block\LunaTemp\stage3\processed-scripts\Assets\_Bricks\Scripts\Others\BB10_PlaneView.cs(58,26): warning CS0169: The field 'BB10_PlaneView.myType' is never used [D:\6.4.0\pipeline\templates\LunaCompiler\Scripts\Scripts.csproj]
  E:\Block\LunaTemp\stage3\processed-scripts\Assets\_Bricks\Scripts\UIScripts\BB10_LostScript.cs(18,10): warning CS0169: The field 'BB10_LostScript.scoreCounting' is never used [D:\6.4.0\pipeline\templates\LunaCompiler\Scripts\Scripts.csproj]
  E:\Block\LunaTemp\stage3\processed-scripts\Assets\_Bricks\Scripts\Others\BB10_PlaneView.cs(61,13): warning CS0169: The field 'BB10_PlaneView.touchPos' is never used [D:\6.4.0\pipeline\templates\LunaCompiler\Scripts\Scripts.csproj]
  E:\Block\LunaTemp\stage3\processed-scripts\Assets\_Bricks\Scripts\UIScripts\BB10_LostScript.cs(17,17): warning CS0169: The field 'BB10_LostScript.AnimSoundLoop' is never used [D:\6.4.0\pipeline\templates\LunaCompiler\Scripts\Scripts.csproj]
  E:\Block\LunaTemp\stage3\processed-scripts\Assets\_Bricks\Scripts\UIScripts\BB10_LostScript.cs(16,9): warning CS0649: Field 'BB10_LostScript.score' is never assigned to, and will always have its default value 0 [D:\6.4.0\pipeline\templates\LunaCompiler\Scripts\Scripts.csproj]
  E:\Block\LunaTemp\stage3\processed-scripts\Assets\Audio\Scripts\MainAudio.cs(14,9): warning CS0169: The field 'MainAudio.bgIndex' is never used [D:\6.4.0\pipeline\templates\LunaCompiler\Scripts\Scripts.csproj]
  E:\Block\LunaTemp\stage3\processed-scripts\Assets\_Bricks\Scripts\UIScripts\BB10_MainCanvasUI.cs(107,25): warning CS0414: The field 'BB10_MainCanvasUI.firstLoaded' is assigned but its value is never used [D:\6.4.0\pipeline\templates\LunaCompiler\Scripts\Scripts.csproj]
  E:\Block\LunaTemp\stage3\processed-scripts\Assets\_Bricks\Scripts\Others\ItemUnit.cs(20,10): warning CS0414: The field 'ItemUnit.running' is assigned but its value is never used [D:\6.4.0\pipeline\templates\LunaCompiler\Scripts\Scripts.csproj]

    11 Warning(s)
    0 Error(s)


Time Elapsed 00:00:27.49

Source code compiled successfully!
﻿
[ error ] $﻿
PHC: LP error code not found in JSON: 3015, JSON file might be outdated. Error message: Sequence contains no matching element

Diagnostics gathered successfully
report@code:build 40542.56
diagnostics file upload failed
report@diagnostics:verify 0.77
report@diagnostics:upload 11220.44
report@code:stage 17610.34
[ Stage3 ] Code compiled and bundled successfully.
report@code:bundle 69991.04
report@package:stage 2532.57
[ Stage4 ] Target platform: develop
[ Stage4 ] Package bundled successfully
report@assets:stats 0.37
